
Wed 13 Mar 2024 08:42:50 PM UTC: 
 exercises.c | 20 ++++++++++++++++++--
 1 file changed, 18 insertions(+), 2 deletions(-)
 tests:  0|7
total_score: 0/70
048055c
Wed 13 Mar 2024 08:43:29 PM UTC: 
 exercises.c | 2 +-
 1 file changed, 1 insertion(+), 1 deletion(-)
 tests:  0|6
total_score: 10/70
5e78761
Wed 13 Mar 2024 08:49:57 PM UTC: 
 exercises.c | 9 ++++++++-
 1 file changed, 8 insertions(+), 1 deletion(-)
 tests:  0|5
total_score: 20/70
5409dbc
Wed 13 Mar 2024 08:59:02 PM UTC: 
 exercises.c | 16 +++++++++++++++-
 1 file changed, 15 insertions(+), 1 deletion(-)
In file included from test.c:1:
exercises.c: In function ‘filterEvenNumbers’:
exercises.c:52:14: error: ‘count’ undeclared (first use in this function)
   52 |   *newSize = count;
      |              ^~~~~
exercises.c:52:14: note: each undeclared identifier is reported only once for each function it appears in
exercises.c:53:3: error: ‘evenArr’ undeclared (first use in this function)
   53 |   evenArr = (int *)malloc(count * sizeof(int));
      |   ^~~~~~~
exercises.c:55:7: error: ‘i’ undeclared (first use in this function)
   55 |   for(i = 0; i < size; i++)
      |       ^
exercises.c:64:1: error: control reaches end of non-void function [-Werror=return-type]
   64 | }
      | ^
cc1: all warnings being treated as errors
Compilation failed
617ae98
Wed 13 Mar 2024 08:59:51 PM UTC: 
 exercises.c | 1 -
 1 file changed, 1 deletion(-)
In file included from test.c:1:
exercises.c: In function ‘filterEvenNumbers’:
exercises.c:52:3: error: ‘evenArr’ undeclared (first use in this function)
   52 |   evenArr = (int *)malloc(count * sizeof(int));
      |   ^~~~~~~
exercises.c:52:3: note: each undeclared identifier is reported only once for each function it appears in
exercises.c:52:27: error: ‘count’ undeclared (first use in this function)
   52 |   evenArr = (int *)malloc(count * sizeof(int));
      |                           ^~~~~
exercises.c:54:7: error: ‘i’ undeclared (first use in this function)
   54 |   for(i = 0; i < size; i++)
      |       ^
exercises.c:64:1: error: control reaches end of non-void function [-Werror=return-type]
   64 | }
      | ^
cc1: all warnings being treated as errors
Compilation failed
e54b444
Wed 13 Mar 2024 09:02:11 PM UTC: 
 exercises.c | 13 ++++++++++++-
 1 file changed, 12 insertions(+), 1 deletion(-)
 tests:  0|4
total_score: 30/70
ce267f4
Wed 13 Mar 2024 09:08:12 PM UTC: 
 exercises.c | 5 ++++-
 1 file changed, 4 insertions(+), 1 deletion(-)
 tests:  0|4
total_score: 30/70
4ed50a7
Wed 13 Mar 2024 09:08:17 PM UTC: 
 exercises.c | 5 ++++-
 1 file changed, 4 insertions(+), 1 deletion(-)
 tests:  0|4
total_score: 30/70
4ed50a7
Wed 13 Mar 2024 09:14:27 PM UTC: 
 exercises.c | 13 +++++++++++++
 1 file changed, 13 insertions(+)
In file included from test.c:1:
exercises.c: In function ‘mergeSortedArrays’:
exercises.c:85:3: error: ‘cont’ undeclared (first use in this function)
   85 |   cont = 0;
      |   ^~~~
exercises.c:85:3: note: each undeclared identifier is reported only once for each function it appears in
exercises.c:86:3: error: ‘newSize’ undeclared (first use in this function)
   86 |   newSize = size1 + size2;
      |   ^~~~~~~
exercises.c:87:8: error: variable ‘newArr’ set but not used [-Werror=unused-but-set-variable]
   87 |   int *newArr = (int*) malloc(newSize * sizeof(int));
      |        ^~~~~~
cc1: all warnings being treated as errors
Compilation failed
f4cfb61
Wed 13 Mar 2024 09:22:27 PM UTC: 
 exercises.c | 8 +++++++-
 1 file changed, 7 insertions(+), 1 deletion(-)
In file included from test.c:1:
exercises.c: In function ‘mergeSortedArrays’:
exercises.c:86:1: error: expected ‘=’, ‘,’, ‘;’, ‘asm’ or ‘__attribute__’ before ‘{’ token
   86 | {
      | ^
exercises.c:90:3: error: ‘cont’ undeclared (first use in this function)
   90 |   cont = 0;
      |   ^~~~
exercises.c:90:3: note: each undeclared identifier is reported only once for each function it appears in
exercises.c:91:3: error: ‘newSize’ undeclared (first use in this function)
   91 |   newSize = size1 + size2;
      |   ^~~~~~~
exercises.c:104:9: error: expected expression before ‘int’
  104 |   qsort(int newArr, newSize, sizeof(int), comp);
      |         ^~~
exercises.c:104:3: error: too few arguments to function ‘qsort’
  104 |   qsort(int newArr, newSize, sizeof(int), comp);
      |   ^~~~~
In file included from exercises.c:4,
                 from test.c:1:
/nix/store/4pqv2mwdn88h7xvsm7a5zplrd8sxzvw0-glibc-2.35-163-dev/include/stdlib.h:838:13: note: declared here
  838 | extern void qsort (void *__base, size_t __nmemb, size_t __size,
      |             ^~~~~
In file included from test.c:1:
exercises.c:92:8: error: variable ‘newArr’ set but not used [-Werror=unused-but-set-variable]
   92 |   int *newArr = (int*) malloc(newSize * sizeof(int));
      |        ^~~~~~
cc1: all warnings being treated as errors
Compilation failed
9917a3a
Thu 14 Mar 2024 02:24:01 PM UTC: 
 exercises.c | 2 +-
 1 file changed, 1 insertion(+), 1 deletion(-)
In file included from test.c:1:
exercises.c: In function ‘mergeSortedArrays’:
exercises.c:86:1: error: expected ‘=’, ‘,’, ‘;’, ‘asm’ or ‘__attribute__’ before ‘{’ token
   86 | {
      | ^
exercises.c:90:3: error: ‘cont’ undeclared (first use in this function)
   90 |   cont = 0;
      |   ^~~~
exercises.c:90:3: note: each undeclared identifier is reported only once for each function it appears in
exercises.c:91:3: error: ‘newSize’ undeclared (first use in this function)
   91 |   newSize = size1 + size2;
      |   ^~~~~~~
exercises.c:104:9: error: expected expression before ‘int’
  104 |   qsort(int newArr, newSize, sizeof(int), comp);
      |         ^~~
exercises.c:104:3: error: too few arguments to function ‘qsort’
  104 |   qsort(int newArr, newSize, sizeof(int), comp);
      |   ^~~~~
In file included from exercises.c:4,
                 from test.c:1:
/nix/store/4pqv2mwdn88h7xvsm7a5zplrd8sxzvw0-glibc-2.35-163-dev/include/stdlib.h:838:13: note: declared here
  838 | extern void qsort (void *__base, size_t __nmemb, size_t __size,
      |             ^~~~~
In file included from test.c:1:
exercises.c:92:8: error: variable ‘newArr’ set but not used [-Werror=unused-but-set-variable]
   92 |   int *newArr = (int*) malloc(newSize * sizeof(int));
      |        ^~~~~~
cc1: all warnings being treated as errors
Compilation failed
a9480f1
Thu 14 Mar 2024 02:32:07 PM UTC: 
 exercises.c | 21 +++++++++++++++------
 1 file changed, 15 insertions(+), 6 deletions(-)
In file included from test.c:1:
exercises.c: In function ‘mergeSortedArrays’:
exercises.c:85:3: error: ‘cont’ undeclared (first use in this function)
   85 |   cont = 0;
      |   ^~~~
exercises.c:85:3: note: each undeclared identifier is reported only once for each function it appears in
exercises.c:86:3: error: ‘newSize’ undeclared (first use in this function)
   86 |   newSize = size1 + size2;
      |   ^~~~~~~
exercises.c:102:7: error: ‘i’ undeclared (first use in this function)
  102 |   for(i = 0; i < newSize; i++)
      |       ^
exercises.c:104:11: error: ‘j’ undeclared (first use in this function); did you mean ‘jn’?
  104 |       for(j = i; j < largo; j++)
      |           ^
      |           jn
exercises.c:104:22: error: ‘largo’ undeclared (first use in this function)
  104 |       for(j = i; j < largo; j++)
      |                      ^~~~~
exercises.c:87:8: error: variable ‘newArr’ set but not used [-Werror=unused-but-set-variable]
   87 |   int *newArr = (int*) malloc(newSize * sizeof(int));
      |        ^~~~~~
cc1: all warnings being treated as errors
Compilation failed
5f0ab36
Thu 14 Mar 2024 02:36:18 PM UTC: 
 exercises.c | 16 +++++++++++++---
 1 file changed, 13 insertions(+), 3 deletions(-)
In file included from test.c:1:
exercises.c: In function ‘mergeSortedArrays’:
exercises.c:85:3: error: ‘cont’ undeclared (first use in this function)
   85 |   cont = 0;
      |   ^~~~
exercises.c:85:3: note: each undeclared identifier is reported only once for each function it appears in
exercises.c:86:3: error: ‘newSize’ undeclared (first use in this function)
   86 |   newSize = size1 + size2;
      |   ^~~~~~~
exercises.c:100:7: error: ‘i’ undeclared (first use in this function)
  100 |   for(i = 0; i < newArr; i++)
      |       ^
Compilation failed
a1e2037
Thu 14 Mar 2024 02:36:38 PM UTC: 
 exercises.c | 4 ++--
 1 file changed, 2 insertions(+), 2 deletions(-)
In file included from test.c:1:
exercises.c: In function ‘mergeSortedArrays’:
exercises.c:85:3: error: ‘cont’ undeclared (first use in this function)
   85 |   cont = 0;
      |   ^~~~
exercises.c:85:3: note: each undeclared identifier is reported only once for each function it appears in
exercises.c:86:3: error: ‘newSize’ undeclared (first use in this function)
   86 |   newSize = size1 + size2;
      |   ^~~~~~~
exercises.c:100:7: error: ‘i’ undeclared (first use in this function)
  100 |   for(i = 0; i < newArr; i++)
      |       ^
exercises.c:114:11: error: ‘j’ undeclared (first use in this function); did you mean ‘jn’?
  114 |       for(j = i; j < largo; j++)
      |           ^
      |           jn
exercises.c:114:22: error: ‘largo’ undeclared (first use in this function)
  114 |       for(j = i; j < largo; j++)
      |                      ^~~~~
exercises.c:118:13: error: ‘temp’ undeclared (first use in this function)
  118 |             temp = newArr[i];
      |             ^~~~
Compilation failed
4dd8e4f
Thu 14 Mar 2024 02:46:39 PM UTC: 
 exercises.c | 34 ++++++++++++++--------------------
 1 file changed, 14 insertions(+), 20 deletions(-)
In file included from test.c:1:
exercises.c: In function ‘mergeSortedArrays’:
exercises.c:89:9: error: ‘cont1’ undeclared (first use in this function); did you mean ‘cont’?
   89 |   while(cont1 < size1 && cont2 < size2)
      |         ^~~~~
      |         cont
exercises.c:89:9: note: each undeclared identifier is reported only once for each function it appears in
exercises.c:89:26: error: ‘cont2’ undeclared (first use in this function); did you mean ‘cont’?
   89 |   while(cont1 < size1 && cont2 < size2)
      |                          ^~~~~
      |                          cont
Compilation failed
70711ff
Thu 14 Mar 2024 02:47:17 PM UTC: 
 exercises.c | 1 +
 1 file changed, 1 insertion(+)
In file included from test.c:1:
exercises.c: In function ‘mergeSortedArrays’:
exercises.c:88:10: error: expected expression before ‘]’ token
   88 |   result[] = NULL;
      |          ^
exercises.c:90:9: error: ‘cont1’ undeclared (first use in this function); did you mean ‘cont’?
   90 |   while(cont1 < size1 && cont2 < size2)
      |         ^~~~~
      |         cont
exercises.c:90:9: note: each undeclared identifier is reported only once for each function it appears in
exercises.c:90:26: error: ‘cont2’ undeclared (first use in this function); did you mean ‘cont’?
   90 |   while(cont1 < size1 && cont2 < size2)
      |                          ^~~~~
      |                          cont
Compilation failed
dbbd840
Thu 14 Mar 2024 02:48:16 PM UTC: 
 exercises.c | 15 ++++++++++++++-
 1 file changed, 14 insertions(+), 1 deletion(-)
In file included from test.c:1:
exercises.c: In function ‘mergeSortedArrays’:
exercises.c:89:9: error: ‘cont1’ undeclared (first use in this function); did you mean ‘cont’?
   89 |   while(cont1 < size1 && cont2 < size2)
      |         ^~~~~
      |         cont
exercises.c:89:9: note: each undeclared identifier is reported only once for each function it appears in
exercises.c:89:26: error: ‘cont2’ undeclared (first use in this function); did you mean ‘cont’?
   89 |   while(cont1 < size1 && cont2 < size2)
      |                          ^~~~~
      |                          cont
exercises.c:104:9: error: ‘index1’ undeclared (first use in this function); did you mean ‘index’?
  104 |   while(index1 < size1)
      |         ^~~~~~
      |         index
exercises.c:110:9: error: ‘index2’ undeclared (first use in this function); did you mean ‘index’?
  110 |   while(index2 < size2)
      |         ^~~~~~
      |         index
exercises.c: At top level:
exercises.c:132:1: error: expected identifier or ‘(’ before ‘}’ token
  132 | }
      | ^
Compilation failed
8a2b112
Thu 14 Mar 2024 02:50:38 PM UTC: 
 exercises.c | 37 ++++++++++++++++---------------------
 1 file changed, 16 insertions(+), 21 deletions(-)
 tests:  0|3
total_score: 40/70
d683808
Thu 14 Mar 2024 02:50:53 PM UTC: 
 exercises.c | 13 +------------
 1 file changed, 1 insertion(+), 12 deletions(-)
 tests:  0|4
total_score: 30/70
d9b446c
Thu 14 Mar 2024 02:57:37 PM UTC: 
 exercises.c | 40 ++++++++++++++++++----------------------
 1 file changed, 18 insertions(+), 22 deletions(-)
In file included from test.c:1:
exercises.c: In function ‘mergeSortedArrays’:
exercises.c:97:12: error: expected ‘;’ before ‘}’ token
   97 |         k++
      |            ^
      |            ;
   98 |       }
      |       ~     
test.c:382:5: error: ‘main’ is normally a non-static function [-Werror=main]
  382 | int main(int argc, char *argv[]) {
      |     ^~~~
test.c:410:1: error: expected declaration or statement at end of input
  410 | }
      | ^
test.c:7:6: error: unused variable ‘msg’ [-Werror=unused-variable]
    7 | char msg[300];
      |      ^~~
At top level:
test.c:382:5: error: ‘main’ defined but not used [-Werror=unused-function]
  382 | int main(int argc, char *argv[]) {
      |     ^~~~
test.c:47:6: error: ‘readIntArray’ defined but not used [-Werror=unused-function]
   47 | void readIntArray(int arr[], int *size) {
      |      ^~~~~~~~~~~~
cc1: all warnings being treated as errors
Compilation failed
c57eba9
Thu 14 Mar 2024 02:58:15 PM UTC: 
 exercises.c | 2 +-
 1 file changed, 1 insertion(+), 1 deletion(-)
test.c: In function ‘mergeSortedArrays’:
test.c:382:5: error: ‘main’ is normally a non-static function [-Werror=main]
  382 | int main(int argc, char *argv[]) {
      |     ^~~~
test.c:410:1: error: expected declaration or statement at end of input
  410 | }
      | ^
test.c:7:6: error: unused variable ‘msg’ [-Werror=unused-variable]
    7 | char msg[300];
      |      ^~~
At top level:
test.c:382:5: error: ‘main’ defined but not used [-Werror=unused-function]
  382 | int main(int argc, char *argv[]) {
      |     ^~~~
test.c:47:6: error: ‘readIntArray’ defined but not used [-Werror=unused-function]
   47 | void readIntArray(int arr[], int *size) {
      |      ^~~~~~~~~~~~
cc1: all warnings being treated as errors
Compilation failed
1f4709b
Thu 14 Mar 2024 02:59:41 PM UTC: 
 exercises.c | 1 +
 1 file changed, 1 insertion(+)
 tests:  0|3
total_score: 40/70
cd164bd
Thu 14 Mar 2024 02:59:54 PM UTC: 
 exercises.c | 2 +-
 1 file changed, 1 insertion(+), 1 deletion(-)
test.c: In function ‘filterEvenNumbers’:
test.c:382:5: error: ‘main’ is normally a non-static function [-Werror=main]
  382 | int main(int argc, char *argv[]) {
      |     ^~~~
test.c:410:1: error: expected declaration or statement at end of input
  410 | }
      | ^
test.c:7:6: error: unused variable ‘msg’ [-Werror=unused-variable]
    7 | char msg[300];
      |      ^~~
At top level:
test.c:382:5: error: ‘main’ defined but not used [-Werror=unused-function]
  382 | int main(int argc, char *argv[]) {
      |     ^~~~
test.c:47:6: error: ‘readIntArray’ defined but not used [-Werror=unused-function]
   47 | void readIntArray(int arr[], int *size) {
      |      ^~~~~~~~~~~~
cc1: all warnings being treated as errors
Compilation failed
4da9a61
Thu 14 Mar 2024 03:00:14 PM UTC: 
 exercises.c | 3 +--
 1 file changed, 1 insertion(+), 2 deletions(-)
test.c: In function ‘mergeSortedArrays’:
test.c:382:5: error: ‘main’ is normally a non-static function [-Werror=main]
  382 | int main(int argc, char *argv[]) {
      |     ^~~~
test.c:410:1: error: expected declaration or statement at end of input
  410 | }
      | ^
test.c:7:6: error: unused variable ‘msg’ [-Werror=unused-variable]
    7 | char msg[300];
      |      ^~~
At top level:
test.c:382:5: error: ‘main’ defined but not used [-Werror=unused-function]
  382 | int main(int argc, char *argv[]) {
      |     ^~~~
test.c:47:6: error: ‘readIntArray’ defined but not used [-Werror=unused-function]
   47 | void readIntArray(int arr[], int *size) {
      |      ^~~~~~~~~~~~
cc1: all warnings being treated as errors
Compilation failed
555c054
Thu 14 Mar 2024 03:02:59 PM UTC: 
 exercises.c | 4 ++--
 1 file changed, 2 insertions(+), 2 deletions(-)
test.c: In function ‘mergeSortedArrays’:
test.c:382:5: error: ‘main’ is normally a non-static function [-Werror=main]
  382 | int main(int argc, char *argv[]) {
      |     ^~~~
test.c:410:1: error: expected declaration or statement at end of input
  410 | }
      | ^
test.c:7:6: error: unused variable ‘msg’ [-Werror=unused-variable]
    7 | char msg[300];
      |      ^~~
At top level:
test.c:382:5: error: ‘main’ defined but not used [-Werror=unused-function]
  382 | int main(int argc, char *argv[]) {
      |     ^~~~
test.c:47:6: error: ‘readIntArray’ defined but not used [-Werror=unused-function]
   47 | void readIntArray(int arr[], int *size) {
      |      ^~~~~~~~~~~~
cc1: all warnings being treated as errors
Compilation failed
e2b6a83
Thu 14 Mar 2024 03:03:48 PM UTC: 
 exercises.c | 13 -------------
 1 file changed, 13 deletions(-)
 tests:  0|4
total_score: 30/70
b62c038
Thu 14 Mar 2024 03:04:18 PM UTC: 
 exercises.c | 13 +++++++++++++
 1 file changed, 13 insertions(+)
 tests:  0|4
total_score: 30/70
f9f8f06
Thu 14 Mar 2024 03:20:14 PM UTC: 
 exercises.c | 4 ++--
 1 file changed, 2 insertions(+), 2 deletions(-)
 tests:  0|3
total_score: 40/70
e62a09b
Thu 14 Mar 2024 03:28:33 PM UTC: 
 exercises.c | 27 ++++++++++++++++++++++++++-
 1 file changed, 26 insertions(+), 1 deletion(-)
In file included from test.c:1:
exercises.c: In function ‘checkSorted’:
exercises.c:123:3: error: ‘orden’ undeclared (first use in this function)
  123 |   orden = 0
      |   ^~~~~
exercises.c:123:3: note: each undeclared identifier is reported only once for each function it appears in
exercises.c:123:12: error: expected ‘;’ before ‘for’
  123 |   orden = 0
      |            ^
      |            ;
  124 |   for(int i = 0; i < size - 1; i++)
      |   ~~~       
exercises.c:146:1: error: control reaches end of non-void function [-Werror=return-type]
  146 | }
      | ^
cc1: all warnings being treated as errors
Compilation failed
76f28e7
Thu 14 Mar 2024 03:29:48 PM UTC: 
 exercises.c | 4 ++++
 1 file changed, 4 insertions(+)
In file included from test.c:1:
exercises.c: In function ‘checkSorted’:
exercises.c:123:3: error: ‘orden’ undeclared (first use in this function)
  123 |   orden = 0
      |   ^~~~~
exercises.c:123:3: note: each undeclared identifier is reported only once for each function it appears in
exercises.c:123:12: error: expected ‘;’ before ‘for’
  123 |   orden = 0
      |            ^
      |            ;
  124 |   for(int i = 0; i < size - 1; i++)
      |   ~~~       
exercises.c:150:1: error: control reaches end of non-void function [-Werror=return-type]
  150 | }
      | ^
cc1: all warnings being treated as errors
Compilation failed
9e197e7
Thu 14 Mar 2024 03:30:22 PM UTC: 
 exercises.c | 30 +++---------------------------
 1 file changed, 3 insertions(+), 27 deletions(-)
 tests:  0|3
total_score: 40/70
978c540
Thu 14 Mar 2024 03:36:00 PM UTC: 
 exercises.c | 25 ++++++++++++++++++++++++-
 1 file changed, 24 insertions(+), 1 deletion(-)
In file included from test.c:1:
exercises.c: In function ‘checkSorted’:
exercises.c:141:14: error: expected ‘;’ before ‘}’ token
  141 |     orden = 1
      |              ^
      |              ;
  142 |   }
      |   ~           
Compilation failed
32cb0ae
Thu 14 Mar 2024 03:36:37 PM UTC: 
 exercises.c | 2 +-
 1 file changed, 1 insertion(+), 1 deletion(-)
 tests:  0|3
total_score: 40/70
4acf485
Thu 14 Mar 2024 03:37:09 PM UTC: 
 exercises.c | 2 +-
 1 file changed, 1 insertion(+), 1 deletion(-)
 tests:  0|3
total_score: 40/70
bb9e0a2
Thu 14 Mar 2024 03:37:45 PM UTC: 
 exercises.c | 2 +-
 1 file changed, 1 insertion(+), 1 deletion(-)
 tests:  0|3
total_score: 40/70
ad1739f
Thu 14 Mar 2024 03:39:41 PM UTC: 
 exercises.c | 8 ++++----
 1 file changed, 4 insertions(+), 4 deletions(-)
 tests:  0|3
total_score: 40/70
99c68c9
Thu 14 Mar 2024 03:41:38 PM UTC: 
 exercises.c | 2 +-
 1 file changed, 1 insertion(+), 1 deletion(-)
 tests:  0|2
total_score: 50/70
4a82015
Thu 14 Mar 2024 03:48:07 PM UTC: 
 exercises.c | 8 +++++++-
 1 file changed, 7 insertions(+), 1 deletion(-)
In file included from test.c:1:
exercises.c: In function ‘inicializarLibro’:
exercises.c:174:22: error: ‘Autor’ has no member named ‘nombreAutor’
  174 |   strcpy(libro->autor.nombreAutor, nombreAutor);
      |                      ^
Compilation failed
c38df3e
